android/app/build/intermediates/manifest_merge_blame_file/release/manifest-merger-blame-release-report.txt
1<?xml version="1.0" encoding="utf-8"?>
2<manifest xmlns:android="http://schemas.android.com/apk/res/android"
3    package="com.mazi"
4    android:versionCode="5"
5    android:versionName="1.0.5" >
6
7    <uses-sdk
8        android:minSdkVersion="21"
8-->src\main\AndroidManifest.xml
9        android:targetSdkVersion="29" />
9-->src\main\AndroidManifest.xml
10
11    <uses-permission android:name="android.permission.INTERNET" />
11-->src\main\AndroidManifest.xml:4:5-67
11-->src\main\AndroidManifest.xml:4:22-64
12    <uses-permission android:name="android.permission.SYSTEM_ALERT_WINDOW" />
12-->src\main\AndroidManifest.xml:5:5-77
12-->src\main\AndroidManifest.xml:5:22-75
13    <uses-permission android:name="android.permission.CAMERA" />
13-->src\main\AndroidManifest.xml:6:5-65
13-->src\main\AndroidManifest.xml:6:22-62
14
15    <uses-feature
15-->[:react-native-camera] AndroidManifest.xml:11:5-13:36
16        android:name="android.hardware.camera"
16-->[:react-native-camera] AndroidManifest.xml:12:9-47
17        android:required="false" />
17-->[:react-native-camera] AndroidManifest.xml:13:9-33
18    <uses-feature
18-->[:react-native-camera] AndroidManifest.xml:14:5-16:36
19        android:name="android.hardware.camera.autofocus"
19-->[:react-native-camera] AndroidManifest.xml:15:9-57
20        android:required="false" />
20-->[:react-native-camera] AndroidManifest.xml:16:9-33
21
22    <uses-permission android:name="android.permission.ACCESS_COARSE_LOCATION" /> <!-- Include required permissions for Google Maps API to run. -->
22-->[:react-native-maps] AndroidManifest.xml:10:5-81
22-->[:react-native-maps] AndroidManifest.xml:10:22-78
23    <uses-permission android:name="android.permission.ACCESS_NETWORK_STATE" />
23-->[com.google.android.gms:play-services-maps:17.0.0] AndroidManifest.xml:23:5-79
23-->[com.google.android.gms:play-services-maps:17.0.0] AndroidManifest.xml:23:22-76
24
25    <uses-feature
25-->[com.google.android.gms:play-services-maps:17.0.0] AndroidManifest.xml:26:5-28:35
26        android:glEsVersion="0x00020000"
26-->[com.google.android.gms:play-services-maps:17.0.0] AndroidManifest.xml:27:9-41
27        android:required="true" />
27-->[com.google.android.gms:play-services-maps:17.0.0] AndroidManifest.xml:28:9-32
28
29    <application
29-->src\main\AndroidManifest.xml:8:5-30:19
30        android:name="com.mazi.MainApplication"
30-->src\main\AndroidManifest.xml:9:7-46
31        android:allowBackup="false"
31-->src\main\AndroidManifest.xml:13:7-34
32        android:appComponentFactory="androidx.core.app.CoreComponentFactory"
32-->[androidx.core:core:1.1.0] AndroidManifest.xml:24:18-86
33        android:icon="@mipmap/ic_launcher"
33-->src\main\AndroidManifest.xml:12:7-41
34        android:label="@string/app_name"
34-->src\main\AndroidManifest.xml:11:7-39
35        android:launchMode="singleTask"
35-->src\main\AndroidManifest.xml:10:7-38
36        android:theme="@style/AppTheme"
36-->src\main\AndroidManifest.xml:15:7-38
37        android:usesCleartextTraffic="true" >
37-->src\main\AndroidManifest.xml:14:7-42
38        <meta-data
38-->src\main\AndroidManifest.xml:16:7-18:64
39            android:name="com.google.android.geo.API_KEY"
39-->src\main\AndroidManifest.xml:17:7-52
40            android:value="AIzaSyDvaS7W8iRIZTGJ6v5yePMWF4B2sCEVWqg" />
40-->src\main\AndroidManifest.xml:18:7-62
41
42        <activity
42-->src\main\AndroidManifest.xml:19:7-29:18
43            android:name="com.mazi.MainActivity"
43-->src\main\AndroidManifest.xml:20:9-45
44            android:configChanges="keyboard|keyboardHidden|orientation|screenSize|uiMode"
44-->src\main\AndroidManifest.xml:22:9-86
45            android:label="@string/app_name"
45-->src\main\AndroidManifest.xml:21:9-41
46            android:launchMode="singleTask"
46-->src\main\AndroidManifest.xml:23:9-40
47            android:windowSoftInputMode="adjustResize" >
47-->src\main\AndroidManifest.xml:24:9-51
48            <intent-filter>
48-->src\main\AndroidManifest.xml:25:9-28:25
49                <action android:name="android.intent.action.MAIN" />
49-->src\main\AndroidManifest.xml:26:13-65
49-->src\main\AndroidManifest.xml:26:21-62
50
51                <category android:name="android.intent.category.LAUNCHER" />
51-->src\main\AndroidManifest.xml:27:13-73
51-->src\main\AndroidManifest.xml:27:23-70
52            </intent-filter>
53        </activity>
54
55        <meta-data
55-->[com.github.bumptech.glide:okhttp3-integration:4.11.0] AndroidManifest.xml:11:9-13:43
56            android:name="com.bumptech.glide.integration.okhttp3.OkHttpGlideModule"
56-->[com.github.bumptech.glide:okhttp3-integration:4.11.0] AndroidManifest.xml:12:13-84
57            android:value="GlideModule" /> <!-- Needs to be explicitly declared on P+ -->
57-->[com.github.bumptech.glide:okhttp3-integration:4.11.0] AndroidManifest.xml:13:13-40
58        <uses-library
58-->[com.google.android.gms:play-services-maps:17.0.0] AndroidManifest.xml:33:9-35:40
59            android:name="org.apache.http.legacy"
59-->[com.google.android.gms:play-services-maps:17.0.0] AndroidManifest.xml:34:13-50
60            android:required="false" />
60-->[com.google.android.gms:play-services-maps:17.0.0] AndroidManifest.xml:35:13-37
61
62        <activity
62-->[com.google.android.gms:play-services-base:17.0.0] AndroidManifest.xml:23:9-26:75
63            android:name="com.google.android.gms.common.api.GoogleApiActivity"
63-->[com.google.android.gms:play-services-base:17.0.0] AndroidManifest.xml:24:13-79
64            android:exported="false"
64-->[com.google.android.gms:play-services-base:17.0.0] AndroidManifest.xml:25:13-37
65            android:theme="@android:style/Theme.Translucent.NoTitleBar" />
65-->[com.google.android.gms:play-services-base:17.0.0] AndroidManifest.xml:26:13-72
66
67        <meta-data
67-->[com.google.android.gms:play-services-basement:17.0.0] AndroidManifest.xml:23:9-25:69
68            android:name="com.google.android.gms.version"
68-->[com.google.android.gms:play-services-basement:17.0.0] AndroidManifest.xml:24:13-58
69            android:value="@integer/google_play_services_version" />
69-->[com.google.android.gms:play-services-basement:17.0.0] AndroidManifest.xml:25:13-66
70    </application>
71
72</manifest>